<?xml version="1.0" encoding="UTF-8"?>
<!-- Generated by org.testng.reporters.JUnitReportReporter -->
<testsuite hostname="DESKTOP-1BP0GR2" failures="0" tests="1" name="appiumtests.appiumtests.SampleTest" time="18.194" errors="0" timestamp="2020-01-18T08:11:34 IST" skipped="0">
  <testcase classname="appiumtests.appiumtests.SampleTest" name="Calculate" time="18.194"/>
</testsuite> <!-- appiumtests.appiumtests.SampleTest -->
