<?xml version="1.0" encoding="UTF-8"?>
<!-- Generated by org.testng.reporters.JUnitReportReporter -->
<testsuite hostname="DESKTOP-1BP0GR2" failures="0" tests="1" name="appiumtests.appiumtests.TestLogin" time="10.003" errors="0" timestamp="2020-01-18T17:43:17 IST" skipped="0">
  <testcase classname="appiumtests.appiumtests.TestLogin" name="f" time="10.003"/>
</testsuite> <!-- appiumtests.appiumtests.TestLogin -->
